<?xml version="1.0" encoding="UTF-8"?>
<testng-results skipped="0" failed="0" total="1" passed="1">
  <reporter-output>
  </reporter-output>
  <suite name="Default suite" duration-ms="271615" started-at="2019-01-31T04:51:29Z" finished-at="2019-01-31T04:56:01Z">
    <groups>
    </groups>
    <test name="Default test" duration-ms="271615" started-at="2019-01-31T04:51:29Z" finished-at="2019-01-31T04:56:01Z">
      <class name="com.vodafone.testcases.PayMAquisition">
        <test-method status="PASS" signature="buyPayM()[pri:0, instance:com.vodafone.testcases.PayMAquisition@5034c75a]" name="buyPayM" duration-ms="271606" started-at="2019-01-31T10:21:29Z" finished-at="2019-01-31T10:26:01Z">
          <reporter-output>
          </reporter-output>
        </test-method> <!-- buyPayM -->
      </class> <!-- com.vodafone.testcases.PayMAquisition -->
    </test> <!-- Default test -->
  </suite> <!-- Default suite -->
</testng-results>
