<?xml version="1.0" encoding="UTF-8"?>
<!-- Generated by org.testng.reporters.JUnitXMLReporter -->
<testsuite hostname="TheHomeComputer" name="Test" tests="1" failures="1" timestamp="31 Jan 2019 04:25:32 GMT" time="6.193" errors="0">
  <testcase name="buyPayM" time="6.18" classname="com.vodafone.testcases.PayMAquisition">
    <failure type="java.io.FileNotFoundException" message="D:\Reason\Workspace\TestNGPrograms\src\com\vodafone\properties\PayMAquiProp.properties (The system cannot find the path specified)">
      <![CDATA[java.io.FileNotFoundException: D:\Reason\Workspace\TestNGPrograms\src\com\vodafone\properties\PayMAquiProp.properties (The system cannot find the path specified)
	at java.io.FileInputStream.open0(Native Method)
	at java.io.FileInputStream.open(Unknown Source)
	at java.io.FileInputStream.<init>(Unknown Source)
	at java.io.FileInputStream.<init>(Unknown Source)
	at com.vodafone.main.MainPage.<init>(MainPage.java:28)
	at com.vodafone.pages.HomePage.<init>(HomePage.java:10)
	at com.vodafone.testcases.PayMAquisition.buyPayM(PayMAquisition.java:18)
... Removed 24 stack frames]]>
    </failure>
  </testcase> <!-- buyPayM -->
</testsuite> <!-- Test -->
